c:\users\g\source\repos\pluralsight_tut\operatoroverloading\debug\vc142.pdb
c:\users\g\source\repos\pluralsight_tut\operatoroverloading\debug\vc142.idb
c:\users\g\source\repos\pluralsight_tut\operatoroverloading\debug\rational.obj
c:\users\g\source\repos\pluralsight_tut\operatoroverloading\debug\operatoroverloading.obj
c:\users\g\source\repos\pluralsight_tut\debug\operatoroverloading.exe
c:\users\g\source\repos\pluralsight_tut\debug\operatoroverloading.ilk
c:\users\g\source\repos\pluralsight_tut\debug\operatoroverloading.pdb
c:\users\g\documents\github\pluralsight_tut\operatoroverloading\debug\operatoroverloading.obj
c:\users\g\documents\github\pluralsight_tut\operatoroverloading\debug\rational.obj
c:\users\g\documents\github\pluralsight_tut\operatoroverloading\debug\vc142.idb
c:\users\g\documents\github\pluralsight_tut\operatoroverloading\debug\vc142.pdb
c:\users\g\documents\github\pluralsight_tut\debug\operatoroverloading.pdb
c:\users\g\documents\github\pluralsight_tut\debug\operatoroverloading.exe
c:\users\g\documents\github\pluralsight_tut\debug\operatoroverloading.ilk
c:\users\g\documents\github\pluralsight_tut\operatoroverloading\debug\operator.b2cf2e51.tlog\cl.command.1.tlog
c:\users\g\documents\github\pluralsight_tut\operatoroverloading\debug\operator.b2cf2e51.tlog\cl.read.1.tlog
c:\users\g\documents\github\pluralsight_tut\operatoroverloading\debug\operator.b2cf2e51.tlog\cl.write.1.tlog
c:\users\g\documents\github\pluralsight_tut\operatoroverloading\debug\operator.b2cf2e51.tlog\link.command.1.tlog
c:\users\g\documents\github\pluralsight_tut\operatoroverloading\debug\operator.b2cf2e51.tlog\link.read.1.tlog
c:\users\g\documents\github\pluralsight_tut\operatoroverloading\debug\operator.b2cf2e51.tlog\link.write.1.tlog
